nohup: ignoring input
  % Total    % Received % Xferd  Average Speed   Time    Time     Time  Current
                                 Dload  Upload   Total   Spent    Left  Speed

  0     0    0     0    0     0      0      0 --:--:-- --:--:-- --:--:--     0
  0     0    0     0    0     0      0      0 --:--:-- --:--:-- --:--:--     0
100    92  100    27  100    65     96    232 --:--:-- --:--:-- --:--:--   232
{"errcode":0,"errmsg":"ok"}
[INFO]: 10 classes found
[INFO]: 58095 images found
[INFO]: 10 classes found
[INFO]: 7262 images found
-------------------------------------------------------------------------------------
Epoch: 1/30
Epoch: 01, Training: loss: 0.29, auc: 74.76%, macro_f1: 12.54%, micro_f1: 22.63%
		Validation: loss: 0.27, auc: 81.26%, macro_f1: 15.96%, micro_f1: 25.63%, Time: 348.35s
Best auc for validation : 81.26% at epoch 01
[INFO]: serializing model...
-------------------------------------------------------------------------------------
Epoch: 2/30
Epoch: 02, Training: loss: 0.25, auc: 82.70%, macro_f1: 27.94%, micro_f1: 41.22%
		Validation: loss: 0.24, auc: 85.80%, macro_f1: 31.27%, micro_f1: 44.77%, Time: 350.36s
Best auc for validation : 85.80% at epoch 02
[INFO]: serializing model...
-------------------------------------------------------------------------------------
Epoch: 3/30
Epoch: 03, Training: loss: 0.23, auc: 85.95%, macro_f1: 37.31%, micro_f1: 50.82%
		Validation: loss: 0.22, auc: 87.59%, macro_f1: 37.06%, micro_f1: 50.48%, Time: 349.75s
Best auc for validation : 87.59% at epoch 03
[INFO]: serializing model...
-------------------------------------------------------------------------------------
Epoch: 4/30
Epoch: 04, Training: loss: 0.21, auc: 88.02%, macro_f1: 42.63%, micro_f1: 55.58%
		Validation: loss: 0.22, auc: 89.23%, macro_f1: 39.95%, micro_f1: 54.58%, Time: 349.89s
Best auc for validation : 89.23% at epoch 04
[INFO]: serializing model...
-------------------------------------------------------------------------------------
Epoch: 5/30
Epoch: 05, Training: loss: 0.20, auc: 88.55%, macro_f1: 46.68%, micro_f1: 58.46%
		Validation: loss: 0.19, auc: 90.88%, macro_f1: 45.12%, micro_f1: 58.84%, Time: 350.36s
Best auc for validation : 90.88% at epoch 05
[INFO]: serializing model...
-------------------------------------------------------------------------------------
Epoch: 6/30
Epoch: 06, Training: loss: 0.19, auc: 90.19%, macro_f1: 49.73%, micro_f1: 60.46%
		Validation: loss: 0.19, auc: 90.65%, macro_f1: 46.61%, micro_f1: 60.85%, Time: 350.86s
Best auc for validation : 90.88% at epoch 05
[INFO]: serializing model...
-------------------------------------------------------------------------------------
Epoch: 7/30
Epoch: 07, Training: loss: 0.19, auc: 90.61%, macro_f1: 53.38%, micro_f1: 62.65%
		Validation: loss: 0.22, auc: 90.00%, macro_f1: 50.63%, micro_f1: 61.75%, Time: 350.27s
Best auc for validation : 90.88% at epoch 05
[INFO]: serializing model...
-------------------------------------------------------------------------------------
Epoch: 8/30
Epoch: 08, Training: loss: 0.18, auc: 90.99%, macro_f1: 56.42%, micro_f1: 64.20%
		Validation: loss: 0.19, auc: 91.76%, macro_f1: 54.42%, micro_f1: 63.20%, Time: 349.73s
Best auc for validation : 91.76% at epoch 08
[INFO]: serializing model...
-------------------------------------------------------------------------------------
Epoch: 9/30
Epoch: 09, Training: loss: 0.18, auc: 91.97%, macro_f1: 58.98%, micro_f1: 66.09%
		Validation: loss: 0.19, auc: 92.07%, macro_f1: 57.69%, micro_f1: 63.73%, Time: 349.07s
Best auc for validation : 92.07% at epoch 09
[INFO]: serializing model...
-------------------------------------------------------------------------------------
Epoch: 10/30
Epoch: 10, Training: loss: 0.17, auc: 92.43%, macro_f1: 60.80%, micro_f1: 67.56%
		Validation: loss: 0.17, auc: 93.53%, macro_f1: 58.65%, micro_f1: 66.20%, Time: 349.71s
Best auc for validation : 93.53% at epoch 10
[INFO]: serializing model...
-------------------------------------------------------------------------------------
Epoch: 11/30
Epoch: 11, Training: loss: 0.16, auc: 92.93%, macro_f1: 62.81%, micro_f1: 68.98%
		Validation: loss: 0.17, auc: 93.13%, macro_f1: 58.73%, micro_f1: 66.93%, Time: 349.01s
Best auc for validation : 93.53% at epoch 10
[INFO]: serializing model...
-------------------------------------------------------------------------------------
Epoch: 12/30
Epoch: 12, Training: loss: 0.16, auc: 93.42%, macro_f1: 64.25%, micro_f1: 70.32%
		Validation: loss: 0.16, auc: 94.03%, macro_f1: 62.16%, micro_f1: 69.58%, Time: 349.78s
Best auc for validation : 94.03% at epoch 12
[INFO]: serializing model...
-------------------------------------------------------------------------------------
Epoch: 13/30
Epoch: 13, Training: loss: 0.15, auc: 93.91%, macro_f1: 66.11%, micro_f1: 71.73%
		Validation: loss: 0.20, auc: 92.31%, macro_f1: 56.82%, micro_f1: 62.89%, Time: 348.66s
Best auc for validation : 94.03% at epoch 12
[INFO]: serializing model...
-------------------------------------------------------------------------------------
Epoch: 14/30
Epoch: 14, Training: loss: 0.14, auc: 94.49%, macro_f1: 68.46%, micro_f1: 73.46%
		Validation: loss: 0.19, auc: 92.96%, macro_f1: 58.56%, micro_f1: 64.74%, Time: 349.30s
Best auc for validation : 94.03% at epoch 12
[INFO]: serializing model...
-------------------------------------------------------------------------------------
Epoch: 15/30
Epoch: 15, Training: loss: 0.14, auc: 94.48%, macro_f1: 69.59%, micro_f1: 74.77%
		Validation: loss: 0.17, auc: 93.89%, macro_f1: 63.68%, micro_f1: 68.96%, Time: 350.45s
Best auc for validation : 94.03% at epoch 12
[INFO]: serializing model...
-------------------------------------------------------------------------------------
Epoch: 16/30
Epoch: 16, Training: loss: 0.13, auc: 95.50%, macro_f1: 72.27%, micro_f1: 76.95%
		Validation: loss: 0.17, auc: 93.99%, macro_f1: 63.67%, micro_f1: 69.69%, Time: 350.18s
Best auc for validation : 94.03% at epoch 12
[INFO]: serializing model...
-------------------------------------------------------------------------------------
Epoch: 17/30
Epoch: 17, Training: loss: 0.12, auc: 95.23%, macro_f1: 74.47%, micro_f1: 78.72%
		Validation: loss: 0.17, auc: 94.13%, macro_f1: 64.22%, micro_f1: 69.92%, Time: 350.36s
Best auc for validation : 94.13% at epoch 17
[INFO]: serializing model...
-------------------------------------------------------------------------------------
Epoch: 18/30
Epoch: 18, Training: loss: 0.11, auc: 95.93%, macro_f1: 76.37%, micro_f1: 80.62%
		Validation: loss: 0.18, auc: 93.99%, macro_f1: 64.50%, micro_f1: 69.68%, Time: 349.39s
Best auc for validation : 94.13% at epoch 17
[INFO]: serializing model...
-------------------------------------------------------------------------------------
Epoch: 19/30
Epoch: 19, Training: loss: 0.10, auc: 96.91%, macro_f1: 78.36%, micro_f1: 82.28%
		Validation: loss: 0.19, auc: 93.50%, macro_f1: 61.93%, micro_f1: 68.88%, Time: 348.67s
Best auc for validation : 94.13% at epoch 17
[INFO]: serializing model...
-------------------------------------------------------------------------------------
Epoch: 20/30
Epoch: 20, Training: loss: 0.09, auc: 96.32%, macro_f1: 80.29%, micro_f1: 83.99%
		Validation: loss: 0.17, auc: 94.36%, macro_f1: 64.45%, micro_f1: 71.60%, Time: 348.73s
Best auc for validation : 94.36% at epoch 20
[INFO]: serializing model...
-------------------------------------------------------------------------------------
Epoch: 21/30
Epoch: 21, Training: loss: 0.08, auc: 97.31%, macro_f1: 82.38%, micro_f1: 85.72%
		Validation: loss: 0.18, auc: 94.34%, macro_f1: 66.25%, micro_f1: 72.12%, Time: 348.46s
Best auc for validation : 94.36% at epoch 20
[INFO]: serializing model...
-------------------------------------------------------------------------------------
Epoch: 22/30
Epoch: 22, Training: loss: 0.07, auc: 98.07%, macro_f1: 84.37%, micro_f1: 87.28%
		Validation: loss: 0.19, auc: 94.37%, macro_f1: 66.43%, micro_f1: 72.76%, Time: 349.42s
Best auc for validation : 94.37% at epoch 22
[INFO]: serializing model...
-------------------------------------------------------------------------------------
Epoch: 23/30
Epoch: 23, Training: loss: 0.07, auc: 97.34%, macro_f1: 85.70%, micro_f1: 88.56%
		Validation: loss: 0.21, auc: 93.53%, macro_f1: 64.53%, micro_f1: 70.04%, Time: 348.99s
Best auc for validation : 94.37% at epoch 22
[INFO]: serializing model...
-------------------------------------------------------------------------------------
Epoch: 24/30
Epoch: 24, Training: loss: 0.06, auc: 98.47%, macro_f1: 87.64%, micro_f1: 89.95%
		Validation: loss: 0.20, auc: 94.55%, macro_f1: 67.56%, micro_f1: 73.29%, Time: 350.60s
Best auc for validation : 94.55% at epoch 24
[INFO]: serializing model...
-------------------------------------------------------------------------------------
Epoch: 25/30
Epoch: 25, Training: loss: 0.06, auc: 98.60%, macro_f1: 88.73%, micro_f1: 90.79%
		Validation: loss: 0.22, auc: 93.84%, macro_f1: 64.72%, micro_f1: 70.71%, Time: 349.72s
Best auc for validation : 94.55% at epoch 24
[INFO]: serializing model...
-------------------------------------------------------------------------------------
Epoch: 26/30
Epoch: 26, Training: loss: 0.05, auc: 98.50%, macro_f1: 89.33%, micro_f1: 91.36%
		Validation: loss: 0.22, auc: 94.17%, macro_f1: 67.13%, micro_f1: 72.60%, Time: 350.15s
Best auc for validation : 94.55% at epoch 24
[INFO]: serializing model...
-------------------------------------------------------------------------------------
Epoch: 27/30
Epoch: 27, Training: loss: 0.05, auc: 97.65%, macro_f1: 90.75%, micro_f1: 92.47%
		Validation: loss: 0.21, auc: 94.31%, macro_f1: 67.97%, micro_f1: 72.61%, Time: 350.39s
Best auc for validation : 94.55% at epoch 24
[INFO]: serializing model...
-------------------------------------------------------------------------------------
Epoch: 28/30
Epoch: 28, Training: loss: 0.04, auc: 99.04%, macro_f1: 91.24%, micro_f1: 92.81%
		Validation: loss: 0.34, auc: 92.68%, macro_f1: 63.28%, micro_f1: 65.61%, Time: 350.68s
Best auc for validation : 94.55% at epoch 24
[INFO]: serializing model...
-------------------------------------------------------------------------------------
Epoch: 29/30
Epoch: 29, Training: loss: 0.04, auc: 98.54%, macro_f1: 92.17%, micro_f1: 93.65%
		Validation: loss: 0.24, auc: 94.07%, macro_f1: 68.75%, micro_f1: 72.46%, Time: 351.13s
Best auc for validation : 94.55% at epoch 24
[INFO]: serializing model...
-------------------------------------------------------------------------------------
Epoch: 30/30
Epoch: 30, Training: loss: 0.04, auc: 98.79%, macro_f1: 93.17%, micro_f1: 94.29%
		Validation: loss: 0.26, auc: 93.73%, macro_f1: 66.04%, micro_f1: 70.75%, Time: 349.86s
Best auc for validation : 94.55% at epoch 24
[INFO]: serializing model...
-------------------------------------------------------------------------------------
[INFO]: saving history...
----------------------------------------------------------------------
  % Total    % Received % Xferd  Average Speed   Time    Time     Time  Current
                                 Dload  Upload   Total   Spent    Left  Speed

  0     0    0     0    0     0      0      0 --:--:-- --:--:-- --:--:--     0
100    93  100    27  100    66     46    114 --:--:-- --:--:-- --:--:--   114
100    93  100    27  100    66     46    114 --:--:-- --:--:-- --:--:--   114
{"errcode":0,"errmsg":"ok"}